<?xml version="1.0" encoding="UTF-8"?>
<testsuite name="AnalyzerTest" tests="1" skipped="0" failures="0" errors="0" timestamp="2020-05-08T03:40:09" hostname="DESKTOP-AJFCNCR" time="0.031">
  <properties/>
  <testcase name="example" classname="AnalyzerTest" time="0.031"/>
  <system-out><![CDATA[]]></system-out>
  <system-err><![CDATA[]]></system-err>
</testsuite>
